c:\users\joshua\source\repos\zerorangeprocessoriginal\zerorangeprocessoriginal\x64\release\vc143.pdb
c:\users\joshua\source\repos\zerorangeprocessoriginal\zerorangeprocessoriginal\x64\release\source.obj
c:\users\joshua\source\repos\zerorangeprocessoriginal\zerorangeprocessoriginal\x64\release\simulation.obj
c:\users\joshua\source\repos\zerorangeprocessoriginal\zerorangeprocessoriginal\x64\release\randomnumbergenerator.obj
c:\users\joshua\source\repos\zerorangeprocessoriginal\zerorangeprocessoriginal\x64\release\luckywheel.obj
c:\users\joshua\source\repos\zerorangeprocessoriginal\zerorangeprocessoriginal\x64\release\field.obj
c:\users\joshua\source\repos\zerorangeprocessoriginal\x64\release\zerorangeprocessoriginal.exe
c:\users\joshua\source\repos\zerorangeprocessoriginal\zerorangeprocessoriginal\x64\release\zerorangeprocessoriginal.ipdb
c:\users\joshua\source\repos\zerorangeprocessoriginal\x64\release\zerorangeprocessoriginal.pdb
c:\users\joshua\source\repos\zerorangeprocessoriginal\zerorangeprocessoriginal\x64\release\zerorangeprocessoriginal.iobj
c:\users\joshua\source\repos\zerorangeprocessoriginal\x64\release\zerorangeprocessoriginal.lib
c:\users\joshua\source\repos\zerorangeprocessoriginal\x64\release\zerorangeprocessoriginal.exp
c:\users\joshua\onedrive - student.uni-augsburg.de\uni\9. semester\zerorangeprocessoriginal\zerorangeprocessoriginal\x64\release\field.obj
c:\users\joshua\onedrive - student.uni-augsburg.de\uni\9. semester\zerorangeprocessoriginal\zerorangeprocessoriginal\x64\release\luckywheel.obj
c:\users\joshua\onedrive - student.uni-augsburg.de\uni\9. semester\zerorangeprocessoriginal\zerorangeprocessoriginal\x64\release\randomnumbergenerator.obj
c:\users\joshua\onedrive - student.uni-augsburg.de\uni\9. semester\zerorangeprocessoriginal\zerorangeprocessoriginal\x64\release\simulation.obj
c:\users\joshua\onedrive - student.uni-augsburg.de\uni\9. semester\zerorangeprocessoriginal\zerorangeprocessoriginal\x64\release\source.obj
c:\users\joshua\onedrive - student.uni-augsburg.de\uni\9. semester\zerorangeprocessoriginal\zerorangeprocessoriginal\x64\release\zerorangeprocessoriginal.ipdb
c:\users\joshua\onedrive - student.uni-augsburg.de\uni\9. semester\zerorangeprocessoriginal\zerorangeprocessoriginal\x64\release\zerorangeprocessoriginal.iobj
c:\users\joshua\onedrive - student.uni-augsburg.de\uni\9. semester\zerorangeprocessoriginal\zerorangeprocessoriginal\x64\release\vc143.pdb
c:\users\joshua\onedrive - student.uni-augsburg.de\uni\9. semester\zerorangeprocessoriginal\x64\release\zerorangeprocessoriginal.pdb
c:\users\joshua\onedrive - student.uni-augsburg.de\uni\9. semester\zerorangeprocessoriginal\x64\release\zerorangeprocessoriginal.exe
c:\users\joshua\onedrive - student.uni-augsburg.de\uni\9. semester\zerorangeprocessoriginal\zerorangeprocessoriginal\x64\release\zerorang.32372ca6.tlog\cl.command.1.tlog
c:\users\joshua\onedrive - student.uni-augsburg.de\uni\9. semester\zerorangeprocessoriginal\zerorangeprocessoriginal\x64\release\zerorang.32372ca6.tlog\cl.read.1.tlog
c:\users\joshua\onedrive - student.uni-augsburg.de\uni\9. semester\zerorangeprocessoriginal\zerorangeprocessoriginal\x64\release\zerorang.32372ca6.tlog\cl.write.1.tlog
c:\users\joshua\onedrive - student.uni-augsburg.de\uni\9. semester\zerorangeprocessoriginal\zerorangeprocessoriginal\x64\release\zerorang.32372ca6.tlog\link.command.1.tlog
c:\users\joshua\onedrive - student.uni-augsburg.de\uni\9. semester\zerorangeprocessoriginal\zerorangeprocessoriginal\x64\release\zerorang.32372ca6.tlog\link.read.1.tlog
c:\users\joshua\onedrive - student.uni-augsburg.de\uni\9. semester\zerorangeprocessoriginal\zerorangeprocessoriginal\x64\release\zerorang.32372ca6.tlog\link.write.1.tlog
c:\users\joshua\onedrive - student.uni-augsburg.de\uni\9. semester\zerorangeprocessoriginal\zerorangeprocessoriginal\x64\release\zerorang.32372ca6.tlog\zerorangeprocessoriginal.write.1u.tlog
