c:\users\joshua\source\repos\zerorangeprocessoriginal\zerorangeprocessoriginal\x64\debug\vc143.pdb
c:\users\joshua\source\repos\zerorangeprocessoriginal\zerorangeprocessoriginal\x64\debug\vc143.idb
c:\users\joshua\source\repos\zerorangeprocessoriginal\zerorangeprocessoriginal\x64\debug\hypot.obj
c:\users\joshua\source\repos\zerorangeprocessoriginal\zerorangeprocessoriginal\x64\debug\tests.obj
c:\users\joshua\source\repos\zerorangeprocessoriginal\zerorangeprocessoriginal\x64\debug\urand.obj
c:\users\joshua\source\repos\zerorangeprocessoriginal\zerorangeprocessoriginal\x64\debug\standardize.obj
c:\users\joshua\source\repos\zerorangeprocessoriginal\zerorangeprocessoriginal\x64\debug\cquad_const.obj
c:\users\joshua\source\repos\zerorangeprocessoriginal\zerorangeprocessoriginal\x64\debug\schrage.obj
c:\users\joshua\source\repos\zerorangeprocessoriginal\zerorangeprocessoriginal\x64\debug\strdup.obj
c:\users\joshua\source\repos\zerorangeprocessoriginal\zerorangeprocessoriginal\x64\debug\placeholder.obj
c:\users\joshua\source\repos\zerorangeprocessoriginal\zerorangeprocessoriginal\x64\debug\memmove.obj
c:\users\joshua\source\repos\zerorangeprocessoriginal\zerorangeprocessoriginal\x64\debug\memcpy.obj
c:\users\joshua\source\repos\zerorangeprocessoriginal\zerorangeprocessoriginal\x64\debug\source.obj
c:\users\joshua\source\repos\zerorangeprocessoriginal\zerorangeprocessoriginal\x64\debug\randomnumbergenerator.obj
c:\users\joshua\source\repos\zerorangeprocessoriginal\zerorangeprocessoriginal\x64\debug\field.obj
c:\users\joshua\source\repos\zerorangeprocessoriginal\zerorangeprocessoriginal\x64\debug\luckywheel.obj
c:\users\joshua\source\repos\zerorangeprocessoriginal\zerorangeprocessoriginal\x64\debug\simulation.obj
c:\users\joshua\source\repos\zerorangeprocessoriginal\x64\debug\zerorangeprocessoriginal.lib
c:\users\joshua\source\repos\zerorangeprocessoriginal\x64\debug\zerorangeprocessoriginal.exp
c:\users\joshua\source\repos\zerorangeprocessoriginal\zerorangeprocessoriginal\x64\debug\field.obj.enc
c:\users\joshua\source\repos\zerorangeprocessoriginal\x64\debug\zerorangeprocessoriginal.pdb
c:\users\joshua\source\repos\zerorangeprocessoriginal\zerorangeprocessoriginal\x64\debug\zerorang.32372ca6.tlog\cl.command.1.tlog
c:\users\joshua\source\repos\zerorangeprocessoriginal\zerorangeprocessoriginal\x64\debug\zerorang.32372ca6.tlog\cl.read.1.tlog
c:\users\joshua\source\repos\zerorangeprocessoriginal\zerorangeprocessoriginal\x64\debug\zerorang.32372ca6.tlog\cl.write.1.tlog
c:\users\joshua\source\repos\zerorangeprocessoriginal\zerorangeprocessoriginal\x64\debug\zerorang.32372ca6.tlog\link.42056-cvtres.read.1.tlog
c:\users\joshua\source\repos\zerorangeprocessoriginal\zerorangeprocessoriginal\x64\debug\zerorang.32372ca6.tlog\link.42056-cvtres.write.1.tlog
c:\users\joshua\source\repos\zerorangeprocessoriginal\zerorangeprocessoriginal\x64\debug\zerorang.32372ca6.tlog\link.42056-rc.read.1.tlog
c:\users\joshua\source\repos\zerorangeprocessoriginal\zerorangeprocessoriginal\x64\debug\zerorang.32372ca6.tlog\link.42056-rc.write.1.tlog
c:\users\joshua\source\repos\zerorangeprocessoriginal\zerorangeprocessoriginal\x64\debug\zerorang.32372ca6.tlog\link.42056.read.1.tlog
c:\users\joshua\source\repos\zerorangeprocessoriginal\zerorangeprocessoriginal\x64\debug\zerorang.32372ca6.tlog\link.42056.read.2.tlog
c:\users\joshua\source\repos\zerorangeprocessoriginal\zerorangeprocessoriginal\x64\debug\zerorang.32372ca6.tlog\link.42056.write.1.tlog
c:\users\joshua\source\repos\zerorangeprocessoriginal\zerorangeprocessoriginal\x64\debug\zerorang.32372ca6.tlog\link.command.1.tlog
c:\users\joshua\source\repos\zerorangeprocessoriginal\zerorangeprocessoriginal\x64\debug\zerorang.32372ca6.tlog\link.read.1.tlog
c:\users\joshua\source\repos\zerorangeprocessoriginal\zerorangeprocessoriginal\x64\debug\zerorang.32372ca6.tlog\link.write.1.tlog
c:\users\joshua\source\repos\zerorangeprocessoriginal\zerorangeprocessoriginal\x64\debug\zerorang.32372ca6.tlog\zerorangeprocessoriginal.write.1u.tlog
